[19:12:12] [Server thread/INFO]: Starting minecraft server version 1.8.8
[19:12:12] [Server thread/INFO]: Loading properties
[19:12:12] [Server thread/INFO]: Default game type: SURVIVAL
[19:12:12] [Server thread/INFO]: This server is running CraftBukkit version git-PaperSpigot-445 (MC: 1.8.8) (Implementing API version 1.8.8-R0.1-SNAPSHOT)
[19:12:12] [Server thread/INFO]: Debug logging is disabled
[19:12:12] [Server thread/INFO]: Spigot Timings: true - Verbose: true - Interval: 5m - Length: 60m
[19:12:12] [Server thread/INFO]: Server Ping Player Sample Count: 12

[19:12:12] [Server thread/INFO]: Using 4 threads for Netty based IO
[19:12:12] [Server thread/INFO]: Data value allowed items: 
[19:12:12] [Server thread/WARN]: java.lang.NoSuchFieldException: modifiers

[19:12:12] [Server thread/WARN]: 	at java.base/java.lang.Class.getDeclaredField(Class.java:2782)

[19:12:12] [Server thread/WARN]: 	at org.github.paperspigot.PaperSpigotConfig.stackableBuckets(PaperSpigotConfig.java:192)

[19:12:12] [Server thread/WARN]: 	at java.base/jdk.internal.reflect.DirectMethodHandleAccessor.invoke(DirectMethodHandleAccessor.java:103)

[19:12:12] [Server thread/WARN]: 	at java.base/java.lang.reflect.Method.invoke(Method.java:580)

[19:12:12] [Server thread/WARN]: 	at org.github.paperspigot.PaperSpigotConfig.readConfig(PaperSpigotConfig.java:84)

[19:12:12] [Server thread/WARN]: 	at org.github.paperspigot.PaperSpigotConfig.init(PaperSpigotConfig.java:62)

[19:12:12] [Server thread/WARN]: 	at net.minecraft.server.v1_8_R3.DedicatedServer.init(DedicatedServer.java:181)

[19:12:12] [Server thread/WARN]: 	at net.minecraft.server.v1_8_R3.MinecraftServer.run(MinecraftServer.java:563)

[19:12:12] [Server thread/WARN]: 	at java.base/java.lang.Thread.run(Thread.java:1583)

[19:12:12] [Server thread/INFO]: Generating keypair
[19:12:13] [Server thread/INFO]: Starting Minecraft server on localhost:25565
[19:12:13] [Server thread/INFO]: Your platform does not provide complete low-level API for accessing direct buffers reliably. Unless explicitly requested, heap buffer will always be preferred to avoid potential system unstability.
[19:12:13] [Server thread/INFO]: Using default channel type
[19:12:13] [Server thread/ERROR]: Could not load 'plugins/journeymap-1.8.8-5.1.3-unlimited.jar' in folder 'plugins'
org.bukkit.plugin.InvalidDescriptionException: Invalid plugin.yml
	at org.bukkit.plugin.java.JavaPluginLoader.getPluginDescription(JavaPluginLoader.java:152) ~[patched_1.8.8.jar:git-PaperSpigot-445]
	at org.bukkit.plugin.SimplePluginManager.loadPlugins(SimplePluginManager.java:136) ~[patched_1.8.8.jar:git-PaperSpigot-445]
	at org.bukkit.craftbukkit.v1_8_R3.CraftServer.loadPlugins(CraftServer.java:293) ~[patched_1.8.8.jar:git-PaperSpigot-445]
	at net.minecraft.server.v1_8_R3.DedicatedServer.init(DedicatedServer.java:202) ~[patched_1.8.8.jar:git-PaperSpigot-445]
	at net.minecraft.server.v1_8_R3.MinecraftServer.run(MinecraftServer.java:563) ~[patched_1.8.8.jar:git-PaperSpigot-445]
	at java.lang.Thread.run(Thread.java:1583) [?:?]
Caused by: java.io.FileNotFoundException: Jar does not contain plugin.yml
	... 6 more
[19:12:13] [Server thread/ERROR]: Could not load 'plugins/jei_1.8.9-2.16.2.78.jar' in folder 'plugins'
org.bukkit.plugin.InvalidDescriptionException: Invalid plugin.yml
	at org.bukkit.plugin.java.JavaPluginLoader.getPluginDescription(JavaPluginLoader.java:152) ~[patched_1.8.8.jar:git-PaperSpigot-445]
	at org.bukkit.plugin.SimplePluginManager.loadPlugins(SimplePluginManager.java:136) ~[patched_1.8.8.jar:git-PaperSpigot-445]
	at org.bukkit.craftbukkit.v1_8_R3.CraftServer.loadPlugins(CraftServer.java:293) ~[patched_1.8.8.jar:git-PaperSpigot-445]
	at net.minecraft.server.v1_8_R3.DedicatedServer.init(DedicatedServer.java:202) ~[patched_1.8.8.jar:git-PaperSpigot-445]
	at net.minecraft.server.v1_8_R3.MinecraftServer.run(MinecraftServer.java:563) ~[patched_1.8.8.jar:git-PaperSpigot-445]
	at java.lang.Thread.run(Thread.java:1583) [?:?]
Caused by: java.io.FileNotFoundException: Jar does not contain plugin.yml
	... 6 more
[19:12:13] [Server thread/ERROR]: Could not load 'plugins/Xaeros_Minimap_1.13.6_Forge_1.8.9.jar' in folder 'plugins'
org.bukkit.plugin.InvalidDescriptionException: Invalid plugin.yml
	at org.bukkit.plugin.java.JavaPluginLoader.getPluginDescription(JavaPluginLoader.java:152) ~[patched_1.8.8.jar:git-PaperSpigot-445]
	at org.bukkit.plugin.SimplePluginManager.loadPlugins(SimplePluginManager.java:136) ~[patched_1.8.8.jar:git-PaperSpigot-445]
	at org.bukkit.craftbukkit.v1_8_R3.CraftServer.loadPlugins(CraftServer.java:293) ~[patched_1.8.8.jar:git-PaperSpigot-445]
	at net.minecraft.server.v1_8_R3.DedicatedServer.init(DedicatedServer.java:202) ~[patched_1.8.8.jar:git-PaperSpigot-445]
	at net.minecraft.server.v1_8_R3.MinecraftServer.run(MinecraftServer.java:563) ~[patched_1.8.8.jar:git-PaperSpigot-445]
	at java.lang.Thread.run(Thread.java:1583) [?:?]
Caused by: java.io.FileNotFoundException: Jar does not contain plugin.yml
	... 6 more
[19:12:13] [Server thread/ERROR]: Could not load 'plugins/replaymod-1.8-2.6.15.jar' in folder 'plugins'
org.bukkit.plugin.InvalidDescriptionException: Invalid plugin.yml
	at org.bukkit.plugin.java.JavaPluginLoader.getPluginDescription(JavaPluginLoader.java:152) ~[patched_1.8.8.jar:git-PaperSpigot-445]
	at org.bukkit.plugin.SimplePluginManager.loadPlugins(SimplePluginManager.java:136) ~[patched_1.8.8.jar:git-PaperSpigot-445]
	at org.bukkit.craftbukkit.v1_8_R3.CraftServer.loadPlugins(CraftServer.java:293) ~[patched_1.8.8.jar:git-PaperSpigot-445]
	at net.minecraft.server.v1_8_R3.DedicatedServer.init(DedicatedServer.java:202) ~[patched_1.8.8.jar:git-PaperSpigot-445]
	at net.minecraft.server.v1_8_R3.MinecraftServer.run(MinecraftServer.java:563) ~[patched_1.8.8.jar:git-PaperSpigot-445]
	at java.lang.Thread.run(Thread.java:1583) [?:?]
Caused by: java.io.FileNotFoundException: Jar does not contain plugin.yml
	... 6 more
[19:12:13] [Server thread/ERROR]: Ambiguous plugin name `OpenInv' for files `plugins/OpenInv.jar' and `plugins/OpenInv (1).jar' in `plugins'
[19:12:13] [Server thread/ERROR]: Could not load 'plugins/BiomesOPlenty-1.8.8-3.0.0.1532-universal.jar' in folder 'plugins'
org.bukkit.plugin.InvalidDescriptionException: Invalid plugin.yml
	at org.bukkit.plugin.java.JavaPluginLoader.getPluginDescription(JavaPluginLoader.java:152) ~[patched_1.8.8.jar:git-PaperSpigot-445]
	at org.bukkit.plugin.SimplePluginManager.loadPlugins(SimplePluginManager.java:136) ~[patched_1.8.8.jar:git-PaperSpigot-445]
	at org.bukkit.craftbukkit.v1_8_R3.CraftServer.loadPlugins(CraftServer.java:293) ~[patched_1.8.8.jar:git-PaperSpigot-445]
	at net.minecraft.server.v1_8_R3.DedicatedServer.init(DedicatedServer.java:202) ~[patched_1.8.8.jar:git-PaperSpigot-445]
	at net.minecraft.server.v1_8_R3.MinecraftServer.run(MinecraftServer.java:563) ~[patched_1.8.8.jar:git-PaperSpigot-445]
	at java.lang.Thread.run(Thread.java:1583) [?:?]
Caused by: java.io.FileNotFoundException: Jar does not contain plugin.yml
	... 6 more
[19:12:13] [Server thread/INFO]: Set PluginClassLoader as parallel capable
[19:12:13] [Server thread/ERROR]: Could not load 'plugins/Shopkeepers-2.22.2.jar' in folder 'plugins'
org.bukkit.plugin.InvalidPluginException: java.lang.NoSuchMethodError: 'int org.bukkit.UnsafeValues.getDataVersion()'
	at org.bukkit.plugin.java.JavaPluginLoader.loadPlugin(JavaPluginLoader.java:133) ~[patched_1.8.8.jar:git-PaperSpigot-445]
	at org.bukkit.plugin.SimplePluginManager.loadPlugin(SimplePluginManager.java:331) ~[patched_1.8.8.jar:git-PaperSpigot-445]
	at org.bukkit.plugin.SimplePluginManager.loadPlugins(SimplePluginManager.java:254) ~[patched_1.8.8.jar:git-PaperSpigot-445]
	at org.bukkit.craftbukkit.v1_8_R3.CraftServer.loadPlugins(CraftServer.java:293) ~[patched_1.8.8.jar:git-PaperSpigot-445]
	at net.minecraft.server.v1_8_R3.DedicatedServer.init(DedicatedServer.java:202) ~[patched_1.8.8.jar:git-PaperSpigot-445]
	at net.minecraft.server.v1_8_R3.MinecraftServer.run(MinecraftServer.java:563) ~[patched_1.8.8.jar:git-PaperSpigot-445]
	at java.lang.Thread.run(Thread.java:1583) [?:?]
Caused by: java.lang.NoSuchMethodError: 'int org.bukkit.UnsafeValues.getDataVersion()'
	at com.nisovin.shopkeepers.storage.DataVersion.getCurrentMinecraftDataVersion(DataVersion.java:97) ~[?:?]
	at com.nisovin.shopkeepers.storage.DataVersion.init(DataVersion.java:91) ~[?:?]
	at com.nisovin.shopkeepers.storage.SKShopkeeperStorage.<init>(SKShopkeeperStorage.java:136) ~[?:?]
	at com.nisovin.shopkeepers.SKShopkeepersPlugin.<init>(SKShopkeepersPlugin.java:118) ~[?:?]
	at jdk.internal.reflect.DirectConstructorHandleAccessor.newInstance(DirectConstructorHandleAccessor.java:62) ~[?:?]
	at java.lang.reflect.Constructor.newInstanceWithCaller(Constructor.java:502) ~[?:?]
	at java.lang.reflect.ReflectAccess.newInstance(ReflectAccess.java:128) ~[?:?]
	at jdk.internal.reflect.ReflectionFactory.newInstance(ReflectionFactory.java:304) ~[?:?]
	at java.lang.Class.newInstance(Class.java:725) ~[?:?]
	at org.bukkit.plugin.java.PluginClassLoader.<init>(PluginClassLoader.java:77) ~[patched_1.8.8.jar:git-PaperSpigot-445]
	at org.bukkit.plugin.java.JavaPluginLoader.loadPlugin(JavaPluginLoader.java:129) ~[patched_1.8.8.jar:git-PaperSpigot-445]
	... 6 more
[19:12:13] [Server thread/ERROR]: Could not load 'plugins/MOTD.jar' in folder 'plugins'
org.bukkit.plugin.UnknownDependencyException: Permissions
	at org.bukkit.plugin.SimplePluginManager.loadPlugins(SimplePluginManager.java:222) ~[patched_1.8.8.jar:git-PaperSpigot-445]
	at org.bukkit.craftbukkit.v1_8_R3.CraftServer.loadPlugins(CraftServer.java:293) ~[patched_1.8.8.jar:git-PaperSpigot-445]
	at net.minecraft.server.v1_8_R3.DedicatedServer.init(DedicatedServer.java:202) ~[patched_1.8.8.jar:git-PaperSpigot-445]
	at net.minecraft.server.v1_8_R3.MinecraftServer.run(MinecraftServer.java:563) ~[patched_1.8.8.jar:git-PaperSpigot-445]
	at java.lang.Thread.run(Thread.java:1583) [?:?]
[19:12:13] [Server thread/INFO]: [SimpleTpa] Loading SimpleTpa v6.4
[19:12:13] [Server thread/INFO]: [WorldEdit] Loading WorldEdit v6.1;no_git_id
[19:12:13] [Server thread/INFO]: [AntiXRay] Loading AntiXRay v1.9.0
[19:12:13] [Server thread/INFO]: [MythicMobs] Loading MythicMobs v5.6.2-3e052553
[19:12:13] [Server thread/INFO]: [LumineUtils] (io.lumine.mythic.bukkit.utils.) is bound to plugin MythicMobs - io.lumine.mythic.bukkit.MythicBukkit
[19:12:13] [Server thread/INFO]: [MythicMobs] ยง4Mยง6yยง6tยง6hยง2iยง2cยง2 ยง3Eยง3nยง1aยง1bยง1lยง5eยง5dยง4![0m
[19:12:13] [Server thread/INFO]: [DamageIndicator] Loading DamageIndicator v1.0
[19:12:13] [Server thread/INFO]: [OpenInv] Loading OpenInv v5.0.0
[19:12:13] [Server thread/INFO]: [LoginSecurity] Loading LoginSecurity v3.2.0
[19:12:13] [Server thread/INFO]: [JourneyMapServer] Loading JourneyMapServer v1.0RC5
[19:12:13] [Server thread/INFO]: [SimpleHomes] Loading SimpleHomes v2.2
[19:12:13] [Server thread/INFO]: [SuperVanish] Loading SuperVanish v6.2.12
[19:12:13] [Server thread/INFO]: [ESFreeze] Loading ESFreeze v0.9
[19:12:13] [Server thread/INFO]: [GriefPrevention] Loading GriefPrevention v16.18.4
[19:12:13] [Server thread/INFO]: [LaggRemover] Loading LaggRemover v2.0.6
[19:12:13] [Server thread/WARN]: **** SERVER IS RUNNING IN OFFLINE/INSECURE MODE!
[19:12:13] [Server thread/WARN]: The server will make no attempt to authenticate usernames. Beware.
[19:12:13] [Server thread/WARN]: Whilst this makes it possible to use BungeeCord, unless access to your server is properly restricted, it also opens up the ability for hackers to connect with any username they choose.
[19:12:13] [Server thread/WARN]: Please see http://www.spigotmc.org/wiki/firewall-guide/ for further information.
[19:12:13] [Server thread/WARN]: To change this, set "online-mode" to "true" in the server.properties file.
[19:12:13] [Server thread/INFO]: **** Beginning UUID conversion, this may take A LONG time ****
[19:12:13] [Server thread/INFO]: Preparing level "world"
[19:12:13] [Server thread/INFO]: -------- World Settings For [world] --------
[19:12:13] [Server thread/INFO]: Mob Spawn Range: 4
[19:12:13] [Server thread/INFO]: Anti X-Ray: true
[19:12:13] [Server thread/INFO]: 	Engine Mode: 1
[19:12:13] [Server thread/INFO]: 	Hidden Blocks: [14, 15, 16, 21, 48, 49, 54, 56, 73, 74, 82, 129, 130]
[19:12:13] [Server thread/INFO]: 	Replace Blocks: [1, 5]
[19:12:13] [Server thread/INFO]: Nerfing mobs spawned from spawners: false
[19:12:13] [Server thread/INFO]: Cactus Growth Modifier: 100%
[19:12:13] [Server thread/INFO]: Cane Growth Modifier: 100%
[19:12:13] [Server thread/INFO]: Melon Growth Modifier: 100%
[19:12:13] [Server thread/INFO]: Mushroom Growth Modifier: 100%
[19:12:13] [Server thread/INFO]: Pumpkin Growth Modifier: 100%
[19:12:13] [Server thread/INFO]: Sapling Growth Modifier: 100%
[19:12:13] [Server thread/INFO]: Wheat Growth Modifier: 100%
[19:12:13] [Server thread/INFO]: NetherWart Growth Modifier: 100%
[19:12:13] [Server thread/INFO]: Entity Activation Range: An 32 / Mo 32 / Mi 16
[19:12:13] [Server thread/INFO]: Entity Tracking Range: Pl 48 / An 48 / Mo 48 / Mi 32 / Other 64
[19:12:13] [Server thread/INFO]: Hopper Transfer: 8 Hopper Check: 8 Hopper Amount: 1
[19:12:13] [Server thread/INFO]: Random Lighting Updates: false
[19:12:13] [Server thread/INFO]: Structure Info Saving: true
[19:12:13] [Server thread/INFO]: Sending up to 10 chunks per packet
[19:12:13] [Server thread/INFO]: Max Entity Collisions: 8
[19:12:13] [Server thread/INFO]: Custom Map Seeds:  Village: 10387312 Feature: 14357617
[19:12:13] [Server thread/INFO]: Max TNT Explosions: 100
[19:12:13] [Server thread/INFO]: Tile Max Tick Time: 50ms Entity max Tick Time: 50ms
[19:12:13] [Server thread/INFO]: Item Despawn Rate: 6000
[19:12:13] [Server thread/INFO]: Item Merge Radius: 2.5
[19:12:13] [Server thread/INFO]: Arrow Despawn Rate: 1200
[19:12:13] [Server thread/INFO]: View Distance: 4
[19:12:13] [Server thread/INFO]: Allow Zombie Pigmen to spawn from portal blocks: true
[19:12:13] [Server thread/INFO]: Zombie Aggressive Towards Villager: true
[19:12:13] [Server thread/INFO]: Chunks to Grow per Tick: 650
[19:12:13] [Server thread/INFO]: Clear tick list: false
[19:12:13] [Server thread/INFO]: Experience Merge Radius: 3.0
[19:12:13] [Server thread/INFO]: -------- World Settings For [world] --------
[19:12:13] [Server thread/INFO]: Living Entity Despawn Ranges:  Soft: 32 Hard: 128
[19:12:13] [Server thread/INFO]: Player blocking damage multiplier set to 0.5
[19:12:13] [Server thread/INFO]: Squids will spawn between Y: 45.0 and Y: 63.0
[19:12:13] [Server thread/INFO]: Max height for cactus growth 3. Max height for reed growth 3
[19:12:13] [Server thread/INFO]: Remove invalid mob spawner tile entities: true
[19:12:13] [Server thread/INFO]: Water over lava flow speed: 5
[19:12:13] [Server thread/INFO]: Fix TNT cannons: false
[19:12:13] [Server thread/INFO]: Allow undead horse types to be leashed: false
[19:12:13] [Server thread/INFO]: WorldServer TickNextTick cap set at 10000
[19:12:13] [Server thread/INFO]: WorldServer TickNextTickList cap always processes redstone: false
[19:12:13] [Server thread/INFO]: Keep spawn chunk loaded: true
[19:12:13] [Server thread/INFO]: World async lighting: false
[19:12:13] [Server thread/INFO]: -------- World Settings For [world_nether] --------
[19:12:13] [Server thread/INFO]: Mob Spawn Range: 4
[19:12:13] [Server thread/INFO]: Anti X-Ray: true
[19:12:13] [Server thread/INFO]: 	Engine Mode: 1
[19:12:13] [Server thread/INFO]: 	Hidden Blocks: [14, 15, 16, 21, 48, 49, 54, 56, 73, 74, 82, 129, 130]
[19:12:13] [Server thread/INFO]: 	Replace Blocks: [1, 5]
[19:12:13] [Server thread/INFO]: Nerfing mobs spawned from spawners: false
[19:12:13] [Server thread/INFO]: Cactus Growth Modifier: 100%
[19:12:13] [Server thread/INFO]: Cane Growth Modifier: 100%
[19:12:13] [Server thread/INFO]: Melon Growth Modifier: 100%
[19:12:13] [Server thread/INFO]: Mushroom Growth Modifier: 100%
[19:12:13] [Server thread/INFO]: Pumpkin Growth Modifier: 100%
[19:12:13] [Server thread/INFO]: Sapling Growth Modifier: 100%
[19:12:13] [Server thread/INFO]: Wheat Growth Modifier: 100%
[19:12:13] [Server thread/INFO]: NetherWart Growth Modifier: 100%
[19:12:13] [Server thread/INFO]: Entity Activation Range: An 32 / Mo 32 / Mi 16
[19:12:13] [Server thread/INFO]: Entity Tracking Range: Pl 48 / An 48 / Mo 48 / Mi 32 / Other 64
[19:12:13] [Server thread/INFO]: Hopper Transfer: 8 Hopper Check: 8 Hopper Amount: 1
[19:12:13] [Server thread/INFO]: Random Lighting Updates: false
[19:12:13] [Server thread/INFO]: Structure Info Saving: true
[19:12:13] [Server thread/INFO]: Sending up to 10 chunks per packet
[19:12:13] [Server thread/INFO]: Max Entity Collisions: 8
[19:12:13] [Server thread/INFO]: Custom Map Seeds:  Village: 10387312 Feature: 14357617
[19:12:13] [Server thread/INFO]: Max TNT Explosions: 100
[19:12:13] [Server thread/INFO]: Tile Max Tick Time: 50ms Entity max Tick Time: 50ms
[19:12:13] [Server thread/INFO]: Item Despawn Rate: 6000
[19:12:13] [Server thread/INFO]: Item Merge Radius: 2.5
[19:12:13] [Server thread/INFO]: Arrow Despawn Rate: 1200
[19:12:13] [Server thread/INFO]: View Distance: 4
[19:12:13] [Server thread/INFO]: Allow Zombie Pigmen to spawn from portal blocks: true
[19:12:13] [Server thread/INFO]: Zombie Aggressive Towards Villager: true
[19:12:13] [Server thread/INFO]: Chunks to Grow per Tick: 650
[19:12:13] [Server thread/INFO]: Clear tick list: false
[19:12:13] [Server thread/INFO]: Experience Merge Radius: 3.0
[19:12:13] [Server thread/INFO]: -------- World Settings For [world_nether] --------
[19:12:13] [Server thread/INFO]: Living Entity Despawn Ranges:  Soft: 32 Hard: 128
[19:12:13] [Server thread/INFO]: Player blocking damage multiplier set to 0.5
[19:12:13] [Server thread/INFO]: Squids will spawn between Y: 45.0 and Y: 63.0
[19:12:13] [Server thread/INFO]: Max height for cactus growth 3. Max height for reed growth 3
[19:12:13] [Server thread/INFO]: Remove invalid mob spawner tile entities: true
[19:12:13] [Server thread/INFO]: Water over lava flow speed: 5
[19:12:13] [Server thread/INFO]: Fix TNT cannons: false
[19:12:13] [Server thread/INFO]: Allow undead horse types to be leashed: false
[19:12:13] [Server thread/INFO]: WorldServer TickNextTick cap set at 10000
[19:12:13] [Server thread/INFO]: WorldServer TickNextTickList cap always processes redstone: false
[19:12:13] [Server thread/INFO]: Keep spawn chunk loaded: true
[19:12:13] [Server thread/INFO]: World async lighting: false
[19:12:13] [Server thread/INFO]: -------- World Settings For [world_the_end] --------
[19:12:13] [Server thread/INFO]: Mob Spawn Range: 4
[19:12:13] [Server thread/INFO]: Anti X-Ray: true
[19:12:13] [Server thread/INFO]: 	Engine Mode: 1
[19:12:13] [Server thread/INFO]: 	Hidden Blocks: [14, 15, 16, 21, 48, 49, 54, 56, 73, 74, 82, 129, 130]
[19:12:13] [Server thread/INFO]: 	Replace Blocks: [1, 5]
[19:12:13] [Server thread/INFO]: Nerfing mobs spawned from spawners: false
[19:12:13] [Server thread/INFO]: Cactus Growth Modifier: 100%
[19:12:13] [Server thread/INFO]: Cane Growth Modifier: 100%
[19:12:13] [Server thread/INFO]: Melon Growth Modifier: 100%
[19:12:13] [Server thread/INFO]: Mushroom Growth Modifier: 100%
[19:12:13] [Server thread/INFO]: Pumpkin Growth Modifier: 100%
[19:12:13] [Server thread/INFO]: Sapling Growth Modifier: 100%
[19:12:13] [Server thread/INFO]: Wheat Growth Modifier: 100%
[19:12:13] [Server thread/INFO]: NetherWart Growth Modifier: 100%
[19:12:13] [Server thread/INFO]: Entity Activation Range: An 32 / Mo 32 / Mi 16
[19:12:13] [Server thread/INFO]: Entity Tracking Range: Pl 48 / An 48 / Mo 48 / Mi 32 / Other 64
[19:12:13] [Server thread/INFO]: Hopper Transfer: 8 Hopper Check: 8 Hopper Amount: 1
[19:12:13] [Server thread/INFO]: Random Lighting Updates: false
[19:12:13] [Server thread/INFO]: Structure Info Saving: true
[19:12:13] [Server thread/INFO]: Sending up to 10 chunks per packet
[19:12:13] [Server thread/INFO]: Max Entity Collisions: 8
[19:12:13] [Server thread/INFO]: Custom Map Seeds:  Village: 10387312 Feature: 14357617
[19:12:13] [Server thread/INFO]: Max TNT Explosions: 100
[19:12:13] [Server thread/INFO]: Tile Max Tick Time: 50ms Entity max Tick Time: 50ms
[19:12:13] [Server thread/INFO]: Item Despawn Rate: 6000
[19:12:13] [Server thread/INFO]: Item Merge Radius: 2.5
[19:12:13] [Server thread/INFO]: Arrow Despawn Rate: 1200
[19:12:13] [Server thread/INFO]: View Distance: 4
[19:12:13] [Server thread/INFO]: Allow Zombie Pigmen to spawn from portal blocks: true
[19:12:13] [Server thread/INFO]: Zombie Aggressive Towards Villager: true
[19:12:13] [Server thread/INFO]: Chunks to Grow per Tick: 650
[19:12:13] [Server thread/INFO]: Clear tick list: false
[19:12:13] [Server thread/INFO]: Experience Merge Radius: 3.0
[19:12:13] [Server thread/INFO]: -------- World Settings For [world_the_end] --------
[19:12:13] [Server thread/INFO]: Living Entity Despawn Ranges:  Soft: 32 Hard: 128
[19:12:13] [Server thread/INFO]: Player blocking damage multiplier set to 0.5
[19:12:13] [Server thread/INFO]: Squids will spawn between Y: 45.0 and Y: 63.0
[19:12:13] [Server thread/INFO]: Max height for cactus growth 3. Max height for reed growth 3
[19:12:13] [Server thread/INFO]: Remove invalid mob spawner tile entities: true
[19:12:13] [Server thread/INFO]: Water over lava flow speed: 5
[19:12:13] [Server thread/INFO]: Fix TNT cannons: false
[19:12:13] [Server thread/INFO]: Allow undead horse types to be leashed: false
[19:12:13] [Server thread/INFO]: WorldServer TickNextTick cap set at 10000
[19:12:13] [Server thread/INFO]: WorldServer TickNextTickList cap always processes redstone: false
[19:12:13] [Server thread/INFO]: Keep spawn chunk loaded: true
[19:12:13] [Server thread/INFO]: World async lighting: false
[19:12:13] [Server thread/INFO]: Preparing start region for level 0 (Seed: 2511187156884764071)
[19:12:14] [Thread-5/INFO]: UUID of player DiamondC is 98fa27d5-c8dd-3e4e-99bc-fdcaf7212838
[19:12:14] [Server thread/INFO]: Preparing spawn area: 34%
[19:12:15] [Server thread/INFO]: Preparing start region for level 1 (Seed: 2511187156884764071)
[19:12:16] [Server thread/INFO]: Preparing spawn area: 83%
[19:12:16] [Server thread/INFO]: Preparing start region for level 2 (Seed: 2511187156884764071)
[19:12:16] [Server thread/INFO]: [SimpleTpa] Enabling SimpleTpa v6.4
[19:12:16] [Server thread/INFO]: [0;33;1m[21m[SimpleTpa] If you need support contact me at https://discord.gg/SZUkza9[m

[19:12:16] [Server thread/INFO]: [0;33;1m[21m[SimpleTpa] Simple Tpa has been enabled on version 6.4[m

[19:12:16] [Server thread/INFO]: Enabled metrics. You may opt-out by changing plugins/bStats/config.yml
[19:12:16] [Server thread/INFO]: [WorldEdit] Enabling WorldEdit v6.1;no_git_id
[19:12:17] [Server thread/INFO]: WEPIF: Using the Bukkit Permissions API.
[19:12:17] [Server thread/INFO]: [WorldEdit] Using com.sk89q.worldedit.bukkit.adapter.impl.Spigot_v1_8_R3 as the Bukkit adapter
[19:12:17] [Server thread/INFO]: [AntiXRay] Enabling AntiXRay v1.9.0
[19:12:17] [Server thread/INFO]: [MythicMobs] Enabling MythicMobs v5.6.2-3e052553
[19:12:17] [Server thread/INFO]: [MythicMobs] Loading MythicMobs for Spigot (MC: 1.8.8)...[0m
[19:12:17] [Server thread/INFO]: [MythicMobs] The server is running Spigot; disabled Paper exclusive functionality[0m
[19:12:17] [Server thread/ERROR]: Error occurred while enabling MythicMobs v5.6.2-3e052553 (Is it up to date?)
java.lang.NoSuchFieldError: Class org.bukkit.Material does not have member field 'org.bukkit.Material PIG_SPAWN_EGG'
	at io.lumine.mythic.core.config.ConfigExecutor.<clinit>(ConfigExecutor.java:124) ~[?:?]
	at io.lumine.mythic.bukkit.MythicBukkit.enable(MythicBukkit.java:159) ~[?:?]
	at io.lumine.mythic.bukkit.utils.plugin.LuminePlugin.onEnable(LuminePlugin.java:87) ~[?:?]
	at org.bukkit.plugin.java.JavaPlugin.setEnabled(JavaPlugin.java:321) ~[patched_1.8.8.jar:git-PaperSpigot-445]
	at org.bukkit.plugin.java.JavaPluginLoader.enablePlugin(JavaPluginLoader.java:332) ~[patched_1.8.8.jar:git-PaperSpigot-445]
	at org.bukkit.plugin.SimplePluginManager.enablePlugin(SimplePluginManager.java:407) ~[patched_1.8.8.jar:git-PaperSpigot-445]
	at org.bukkit.craftbukkit.v1_8_R3.CraftServer.loadPlugin(CraftServer.java:359) ~[patched_1.8.8.jar:git-PaperSpigot-445]
	at org.bukkit.craftbukkit.v1_8_R3.CraftServer.enablePlugins(CraftServer.java:318) ~[patched_1.8.8.jar:git-PaperSpigot-445]
	at net.minecraft.server.v1_8_R3.MinecraftServer.s(MinecraftServer.java:408) ~[patched_1.8.8.jar:git-PaperSpigot-445]
	at net.minecraft.server.v1_8_R3.MinecraftServer.k(MinecraftServer.java:372) ~[patched_1.8.8.jar:git-PaperSpigot-445]
	at net.minecraft.server.v1_8_R3.MinecraftServer.a(MinecraftServer.java:327) ~[patched_1.8.8.jar:git-PaperSpigot-445]
	at net.minecraft.server.v1_8_R3.DedicatedServer.init(DedicatedServer.java:267) ~[patched_1.8.8.jar:git-PaperSpigot-445]
	at net.minecraft.server.v1_8_R3.MinecraftServer.run(MinecraftServer.java:563) ~[patched_1.8.8.jar:git-PaperSpigot-445]
	at java.lang.Thread.run(Thread.java:1583) [?:?]
[19:12:17] [Server thread/INFO]: [MythicMobs] Disabling MythicMobs v5.6.2-3e052553
[19:12:17] [Server thread/INFO]: [MythicMobs] [35m[1m------------------------------------------------------------[0m[0m
[19:12:17] [Server thread/INFO]: [MythicMobs] [35m[1m- [0m[0m
[19:12:17] [Server thread/INFO]: [MythicMobs] [35m[1m- [33mUnloading Mythic...[0m[0m
[19:12:17] [Server thread/INFO]: [MythicMobs] [35m[1m- [0m[0m
[19:12:17] [Server thread/INFO]: [MythicMobs] [35m[1m------------------------------------------------------------[0m[0m
[19:12:17] [Server thread/WARN]: java.lang.NullPointerException: Cannot invoke "io.lumine.mythic.core.mobs.MobExecutor.despawnAllMobs()" because the return value of "io.lumine.mythic.bukkit.MythicBukkit.getMobManager()" is null

[19:12:17] [Server thread/WARN]: 	at io.lumine.mythic.bukkit.MythicBukkit.disable(MythicBukkit.java:262)

[19:12:17] [Server thread/WARN]: 	at io.lumine.mythic.bukkit.utils.plugin.LuminePlugin.onDisable(LuminePlugin.java:97)

[19:12:17] [Server thread/WARN]: 	at org.bukkit.plugin.java.JavaPlugin.setEnabled(JavaPlugin.java:323)

[19:12:17] [Server thread/WARN]: 	at org.bukkit.plugin.java.JavaPluginLoader.disablePlugin(JavaPluginLoader.java:360)

[19:12:17] [Server thread/WARN]: 	at org.bukkit.plugin.java.JavaPluginLoader.enablePlugin(JavaPluginLoader.java:336)

[19:12:17] [Server thread/WARN]: 	at org.bukkit.plugin.SimplePluginManager.enablePlugin(SimplePluginManager.java:407)

[19:12:17] [Server thread/WARN]: 	at org.bukkit.craftbukkit.v1_8_R3.CraftServer.loadPlugin(CraftServer.java:359)

[19:12:17] [Server thread/WARN]: 	at org.bukkit.craftbukkit.v1_8_R3.CraftServer.enablePlugins(CraftServer.java:318)

[19:12:17] [Server thread/WARN]: 	at net.minecraft.server.v1_8_R3.MinecraftServer.s(MinecraftServer.java:408)

[19:12:17] [Server thread/WARN]: 	at net.minecraft.server.v1_8_R3.MinecraftServer.k(MinecraftServer.java:372)

[19:12:17] [Server thread/WARN]: 	at net.minecraft.server.v1_8_R3.MinecraftServer.a(MinecraftServer.java:327)

[19:12:17] [Server thread/WARN]: 	at net.minecraft.server.v1_8_R3.DedicatedServer.init(DedicatedServer.java:267)

[19:12:17] [Server thread/WARN]: 	at net.minecraft.server.v1_8_R3.MinecraftServer.run(MinecraftServer.java:563)

[19:12:17] [Server thread/WARN]: 	at java.base/java.lang.Thread.run(Thread.java:1583)

[19:12:17] [Server thread/INFO]: [DamageIndicator] Enabling DamageIndicator v1.0
[19:12:17] [Server thread/ERROR]: [DamageIndicator] Plugin DamageIndicator v1.0 has failed to register events for class me.kyledag500.DamageIndicator.main because com/dsh105/holoapi/HoloAPI does not exist.
[19:12:17] [Server thread/INFO]: [0;31;1mHoloAPI is not installed on this server. Damage Indicator cannot function.[m

[19:12:17] [Server thread/INFO]: [OpenInv] Enabling OpenInv v5.0.0
[19:12:17] [Server thread/WARN]: [OpenInv] Your server version (1.8.8) is not supported.
[19:12:17] [Server thread/WARN]: [OpenInv] Please download the correct version of OpenInv here: https://github.com/lishid/OpenInv/releases/tag/4.1.5
[19:12:17] [Server thread/INFO]: [LoginSecurity] Enabling LoginSecurity v3.2.0
[19:12:17] [Server thread/INFO]: [LoginSecurity] Loading base translations from "en_us"
[19:12:17] [Server thread/INFO]: [LoginSecurity] Loading specified translations from "en_us"
[19:12:17] [Server thread/INFO]: [LoginSecurity] Registering commands...
[19:12:17] [Server thread/INFO]: [LoginSecurity] Registering listeners...
[19:12:17] [Server thread/INFO]: [JourneyMapServer] Enabling JourneyMapServer v1.0RC5
[19:12:17] [Server thread/INFO]: JourneyMapSever Loading!
[19:12:17] [Server thread/INFO]: The ID for World: world is eafaca93-a158-4978-9a8e-8abb7e881d02
[19:12:17] [Server thread/INFO]: The ID for World: world_nether is eafaca93-a158-4978-9a8e-8abb7e881d02
[19:12:17] [Server thread/INFO]: The ID for World: world_the_end is eafaca93-a158-4978-9a8e-8abb7e881d02
[19:12:17] [Server thread/INFO]: Initializing BukkitPacketManager
[19:12:17] [Server thread/INFO]: [SimpleHomes] Enabling SimpleHomes v2.2
[19:12:17] [Server thread/INFO]: [SuperVanish] Enabling SuperVanish v6.2.12
[19:12:17] [Server thread/INFO]: [SuperVanish] Please install ProtocolLib to be able to use all SuperVanish features: https://www.spigotmc.org/resources/protocollib.1997/
[19:12:17] [Server thread/INFO]: [ESFreeze] Enabling ESFreeze v0.9
[19:12:17] [Server thread/INFO]: ------------------[ESFreeze]------------------
[19:12:17] [Server thread/INFO]:  
[19:12:17] [Server thread/INFO]:  
[19:12:17] [Server thread/INFO]:  
[19:12:17] [Server thread/INFO]:  
[19:12:17] [Server thread/INFO]:  
[19:12:17] [Server thread/INFO]:  
[19:12:17] [Server thread/INFO]: [ESFreeze] Successfully initialized ESFreeze plugin.
[19:12:17] [Server thread/INFO]:  
[19:12:17] [Server thread/INFO]:  
[19:12:17] [Server thread/INFO]:  
[19:12:17] [Server thread/INFO]:  
[19:12:17] [Server thread/INFO]:  
[19:12:17] [Server thread/INFO]:  
[19:12:17] [Server thread/INFO]: ------------------[ESFreeze]------------------
[19:12:17] [Server thread/INFO]: [GriefPrevention] Enabling GriefPrevention v16.18.4
[19:12:17] [Server thread/ERROR]: Error occurred while enabling GriefPrevention v16.18.4 (Is it up to date?)
java.lang.NoSuchFieldError: Class org.bukkit.Material does not have member field 'org.bukkit.Material GOLDEN_SHOVEL'
	at me.ryanhamshire.GriefPrevention.GriefPrevention.loadConfig(GriefPrevention.java:686) ~[?:?]
	at me.ryanhamshire.GriefPrevention.GriefPrevention.onEnable(GriefPrevention.java:285) ~[?:?]
	at org.bukkit.plugin.java.JavaPlugin.setEnabled(JavaPlugin.java:321) ~[patched_1.8.8.jar:git-PaperSpigot-445]
	at org.bukkit.plugin.java.JavaPluginLoader.enablePlugin(JavaPluginLoader.java:332) ~[patched_1.8.8.jar:git-PaperSpigot-445]
	at org.bukkit.plugin.SimplePluginManager.enablePlugin(SimplePluginManager.java:407) ~[patched_1.8.8.jar:git-PaperSpigot-445]
	at org.bukkit.craftbukkit.v1_8_R3.CraftServer.loadPlugin(CraftServer.java:359) ~[patched_1.8.8.jar:git-PaperSpigot-445]
	at org.bukkit.craftbukkit.v1_8_R3.CraftServer.enablePlugins(CraftServer.java:318) ~[patched_1.8.8.jar:git-PaperSpigot-445]
	at net.minecraft.server.v1_8_R3.MinecraftServer.s(MinecraftServer.java:408) ~[patched_1.8.8.jar:git-PaperSpigot-445]
	at net.minecraft.server.v1_8_R3.MinecraftServer.k(MinecraftServer.java:372) ~[patched_1.8.8.jar:git-PaperSpigot-445]
	at net.minecraft.server.v1_8_R3.MinecraftServer.a(MinecraftServer.java:327) ~[patched_1.8.8.jar:git-PaperSpigot-445]
	at net.minecraft.server.v1_8_R3.DedicatedServer.init(DedicatedServer.java:267) ~[patched_1.8.8.jar:git-PaperSpigot-445]
	at net.minecraft.server.v1_8_R3.MinecraftServer.run(MinecraftServer.java:563) ~[patched_1.8.8.jar:git-PaperSpigot-445]
	at java.lang.Thread.run(Thread.java:1583) [?:?]
[19:12:17] [Server thread/INFO]: [GriefPrevention] Disabling GriefPrevention v16.18.4
[19:12:17] [Server thread/ERROR]: Error occurred while disabling GriefPrevention v16.18.4 (Is it up to date?)
java.lang.NullPointerException: Cannot invoke "me.ryanhamshire.GriefPrevention.DataStore.close()" because "this.dataStore" is null
	at me.ryanhamshire.GriefPrevention.GriefPrevention.onDisable(GriefPrevention.java:3286) ~[?:?]
	at org.bukkit.plugin.java.JavaPlugin.setEnabled(JavaPlugin.java:323) ~[patched_1.8.8.jar:git-PaperSpigot-445]
	at org.bukkit.plugin.java.JavaPluginLoader.disablePlugin(JavaPluginLoader.java:360) ~[patched_1.8.8.jar:git-PaperSpigot-445]
	at org.bukkit.plugin.java.JavaPluginLoader.enablePlugin(JavaPluginLoader.java:336) ~[patched_1.8.8.jar:git-PaperSpigot-445]
	at org.bukkit.plugin.SimplePluginManager.enablePlugin(SimplePluginManager.java:407) ~[patched_1.8.8.jar:git-PaperSpigot-445]
	at org.bukkit.craftbukkit.v1_8_R3.CraftServer.loadPlugin(CraftServer.java:359) ~[patched_1.8.8.jar:git-PaperSpigot-445]
	at org.bukkit.craftbukkit.v1_8_R3.CraftServer.enablePlugins(CraftServer.java:318) ~[patched_1.8.8.jar:git-PaperSpigot-445]
	at net.minecraft.server.v1_8_R3.MinecraftServer.s(MinecraftServer.java:408) ~[patched_1.8.8.jar:git-PaperSpigot-445]
	at net.minecraft.server.v1_8_R3.MinecraftServer.k(MinecraftServer.java:372) ~[patched_1.8.8.jar:git-PaperSpigot-445]
	at net.minecraft.server.v1_8_R3.MinecraftServer.a(MinecraftServer.java:327) ~[patched_1.8.8.jar:git-PaperSpigot-445]
	at net.minecraft.server.v1_8_R3.DedicatedServer.init(DedicatedServer.java:267) ~[patched_1.8.8.jar:git-PaperSpigot-445]
	at net.minecraft.server.v1_8_R3.MinecraftServer.run(MinecraftServer.java:563) ~[patched_1.8.8.jar:git-PaperSpigot-445]
	at java.lang.Thread.run(Thread.java:1583) [?:?]
[19:12:17] [Server thread/INFO]: [LaggRemover] Enabling LaggRemover v2.0.6
[19:12:17] [Server thread/INFO]: 
    __                      ____                                         _    _____
   / /   ____ _____ _____ _/ __ \___  ____ ___  ____ _   _____  _____   | |  / /__ \
  / /   / __ `/ __ `/ __ `/ /_/ / _ \/ __ `__ \/ __ \ | / / _ \/ ___/   | | / /__/ /
 / /___/ /_/ / /_/ / /_/ / _, _/  __/ / / / / / /_/ / |/ /  __/ /       | |/ // __/
/_____/\__,_/\__, /\__, /_/ |_|\___/_/ /_/ /_/\____/|___/\___/_/        |___//____/
            /____//____/


[19:12:17] [Server thread/INFO]: [LaggRemover] Loaded 0 module(s)
[19:12:17] [Server thread/INFO]: [LaggRemover] The LaggRemover AI is now active!
[19:12:17] [Server thread/INFO]: [LaggRemover] LaggRemover has been enabled!
[19:12:17] [Server thread/INFO]: Server permissions file permissions.yml is empty, ignoring it
[19:12:17] [Server thread/INFO]: Done (4.382s)! For help, type "help" or "?"
[19:12:17] [Server thread/INFO]: Timings Reset
[19:12:17] [Server thread/ERROR]: [MythicMobs] [31m[SCHEDULER] Exception thrown whilst executing task[37m
[19:12:17] [Server thread/WARN]: java.lang.NoSuchMethodError: 'org.bukkit.persistence.PersistentDataContainer org.bukkit.entity.Entity.getPersistentDataContainer()'

[19:12:17] [Server thread/WARN]: 	at io.lumine.mythic.bukkit.listeners.ChunkListeners.scanChunk(ChunkListeners.java:84)

[19:12:17] [Server thread/WARN]: 	at io.lumine.mythic.bukkit.listeners.ChunkListeners.lambda$load$2(ChunkListeners.java:63)

[19:12:17] [Server thread/WARN]: 	at io.lumine.mythic.bukkit.utils.Delegates$RunnableToSupplier.get(Delegates.java:121)

[19:12:17] [Server thread/WARN]: 	at io.lumine.mythic.bukkit.utils.promise.LuminePromise$SupplyRunnable.run(LuminePromise.java:654)

[19:12:17] [Server thread/WARN]: 	at io.lumine.mythic.bukkit.utils.tasks.LumineExecutors$SchedulerWrappedRunnable.run(LumineExecutors.java:70)

[19:12:17] [Server thread/WARN]: 	at org.bukkit.craftbukkit.v1_8_R3.scheduler.CraftTask.run(CraftTask.java:59)

[19:12:17] [Server thread/WARN]: 	at org.bukkit.craftbukkit.v1_8_R3.scheduler.CraftScheduler.mainThreadHeartbeat(CraftScheduler.java:352)

[19:12:17] [Server thread/WARN]: 	at net.minecraft.server.v1_8_R3.MinecraftServer.B(MinecraftServer.java:783)

[19:12:17] [Server thread/WARN]: 	at net.minecraft.server.v1_8_R3.DedicatedServer.B(DedicatedServer.java:378)

[19:12:17] [Server thread/WARN]: 	at net.minecraft.server.v1_8_R3.MinecraftServer.A(MinecraftServer.java:713)

[19:12:17] [Server thread/WARN]: 	at net.minecraft.server.v1_8_R3.MinecraftServer.run(MinecraftServer.java:616)

[19:12:17] [Server thread/WARN]: 	at java.base/java.lang.Thread.run(Thread.java:1583)

[19:12:18] [Server thread/INFO]: DiamondC joined world:world
[19:12:18] [Server thread/INFO]: DiamondC[/[0:0:0:0:0:0:0:1]:56508] logged in with entity id 415 at ([world]-361.30401878531717, 79.59593745418488, -44.61244540960464)
[19:12:18] [Craft Scheduler Thread - 0/INFO]: [0;31;1m[21m[SimpleTpa] There is a new update available.[m

[19:12:18] [Craft Scheduler Thread - 0/INFO]: [0;31;1m[SimpleTpa] There is a new update available:[m

[19:12:18] [Craft Scheduler Thread - 0/INFO]: [0;31;1m[SimpleTpa] https://www.spigotmc.org/resources/simple-tpa.64270/[m

[19:12:18] [Server thread/INFO]: [SuperVanish] Your current version of SuperVanish is outdated - New version: '6.2.19'; Currently: '6.2.12'
[19:12:18] [Thread-8/INFO]: [ESFreeze] About to download a new update: ESFreeze-v0.9
[19:12:18] [Thread-8/INFO]: [ESFreeze] Downloading update: 10% of 40477 bytes.
[19:12:18] [Thread-8/INFO]: [ESFreeze] Downloading update: 20% of 40477 bytes.
[19:12:18] [Thread-8/INFO]: [ESFreeze] Downloading update: 30% of 40477 bytes.
[19:12:18] [Thread-8/INFO]: [ESFreeze] Downloading update: 100% of 40477 bytes.
[19:12:18] [Thread-8/INFO]: [ESFreeze] Finished updating.
[19:12:18] [Server thread/INFO]: eafaca93-a158-4978-9a8e-8abb7e881d02 DiamondC
[19:12:18] [Server thread/INFO]: Sending WorldID to DiamondC
[19:12:31] [Thread-10/INFO]: UUID of player Dragon_Eclipse is 8b3368bb-10a1-387b-b0d4-1efe9d6f0fd9
[19:12:31] [Server thread/INFO]: Dragon_Eclipse joined world:world
[19:12:31] [Server thread/INFO]: Dragon_Eclipse[/[0:0:0:0:0:0:0:1]:45362] logged in with entity id 416 at ([world]-311.68607392237715, 103.97943485168643, 16.1157146811162)
[19:12:32] [Server thread/INFO]: eafaca93-a158-4978-9a8e-8abb7e881d02 Dragon_Eclipse
[19:12:32] [Server thread/INFO]: Sending WorldID to Dragon_Eclipse
[19:12:38] [Server thread/INFO]: Dragon_Eclipse issued server command: /gamemode s
[19:12:38] [Server thread/INFO]: [Dragon_Eclipse: Set own game mode to Survival Mode]
[19:12:39] [Thread-11/INFO]: UUID of player DiamondC is 98fa27d5-c8dd-3e4e-99bc-fdcaf7212838
[19:12:39] [Server thread/INFO]: DiamondC lost connection: You logged in from another location
[19:12:39] [Server thread/INFO]: DiamondC joined world:world
[19:12:39] [Server thread/INFO]: DiamondC[/[0:0:0:0:0:0:0:1]:48600] logged in with entity id 425 at ([world]-361.30401878531717, 79.59593745418488, -44.61244540960464)
[19:12:39] [Server thread/WARN]: handleDisconnection() called twice
[19:12:40] [Server thread/INFO]: eafaca93-a158-4978-9a8e-8abb7e881d02 DiamondC
[19:12:40] [Server thread/INFO]: Sending WorldID to DiamondC
[19:12:40] [Thread-12/INFO]: UUID of player Shikesh23 is b284aab1-66ab-3da3-97f9-22a2db288855
[19:12:40] [Server thread/INFO]: Shikesh23 joined world:world
[19:12:41] [Server thread/INFO]: Shikesh23[/[0:0:0:0:0:0:0:1]:48606] logged in with entity id 426 at ([world]-283.20081018006243, 1.0E22, 21.03146810354785)
[19:12:56] [Server thread/INFO]: DiamondC lost connection: Disconnected
[19:12:58] [Thread-13/INFO]: UUID of player DiamondC is 98fa27d5-c8dd-3e4e-99bc-fdcaf7212838
[19:13:03] [Thread-14/INFO]: UUID of player DiamondC is 98fa27d5-c8dd-3e4e-99bc-fdcaf7212838
[19:13:12] [Thread-15/INFO]: Disconnecting com.mojang.authlib.GameProfile@7b06e781[id=8b3368bb-10a1-387b-b0d4-1efe9d6f0fd9,name=Dragon_Eclipse,properties={textures=[com.mojang.authlib.properties.Property@7996a35f], isEaglerPlayer=[com.mojang.authlib.properties.Property@7ccbc1ea]},legacy=false] (/[0:0:0:0:0:0:0:1]:47908): [LoginSecurity] This player is already online!
